Arguments: 
  C:\Program Files\nodejs\node.exe C:\Users\tosan\AppData\Roaming\npm\node_modules\yarn\bin\yarn.js add react-toastify

PATH: 
  C:\WINDOWS\system32;C:\WINDOWS;C:\WINDOWS\System32\Wbem;C:\WINDOWS\System32\WindowsPowerShell\v1.0\;C:\WINDOWS\System32\OpenSSH\;C:\Program Files\Git\cmd;C:\Users\tosan\AppData\Roaming\nvm;C:\Program Files\nodejs;C:\Program Files\nodejs\;C:\Users\tosan\AppData\Local\Programs\Python\Python311\Scripts\;C:\Users\tosan\AppData\Local\Programs\Python\Python311\;C:\Users\tosan\AppData\Local\Microsoft\WindowsApps;C:\Users\tosan\AppData\Local\Programs\Microsoft VS Code\bin;C:\msys64\mingw64\bin;C:\Program Files\jdk-19.0.1\bin;E:\flutter\bin;C:\Users\tosan\AppData\Local\Programs\Hyper\resources\bin;C:\Program Files\heroku\bin;C:\Program Files\MongoDB\Server\6.0\bin;C:\Users\tosan\AppData\Roaming\nvm;C:\Program Files\nodejs;C:\Users\tosan\AppData\Roaming\npm

Yarn version: 
  1.22.19

Node version: 
  20.1.0

Platform: 
  win32 x64

Trace: 
  Error [ERR_SOCKET_CONNECTION_TIMEOUT]: Socket connection timeout
      at new NodeError (node:internal/errors:399:5)
      at internalConnectMultiple (node:net:1099:20)
      at Timeout.internalConnectMultipleTimeout (node:net:1638:3)
      at listOnTimeout (node:internal/timers:575:11)
      at process.processTimers (node:internal/timers:514:7)

npm manifest: 
  No manifest

yarn manifest: 
  No manifest

Lockfile: 
  No lockfile
